<?xml version="1.0" encoding="UTF-8"?>
<!-- Generated by org.testng.reporters.JUnitReportReporter -->
<testsuite skipped="0" hostname="Divya_PC" name="TestSuites.PositiveTests" tests="7" failures="0" timestamp="2021-06-01T11:36:04 IST" time="0.195" errors="0">
  <testcase name="verifyCreateAndRetrievingCustomerRecord" time="0.055" classname="TestSuites.PositiveTests"/>
  <system-out/>
  <testcase name="verifyStatusCodeGETCustomers" time="0.030" classname="TestSuites.PositiveTests"/>
  <system-out/>
  <testcase name="verifyStatusCodeGETSingleCustomer" time="0.020" classname="TestSuites.PositiveTests"/>
  <system-out/>
  <testcase name="verifyStatusCodePOSTCreate" time="0.020" classname="TestSuites.PositiveTests"/>
  <system-out/>
  <testcase name="verifyStatusCodePUTUpdateCustomer" time="0.028" classname="TestSuites.PositiveTests"/>
  <system-out/>
  <testcase name="verifyStatusCodeDELETECustomer" time="0.022" classname="TestSuites.PositiveTests"/>
  <system-out/>
  <testcase name="verifyPayloadCustomersSchema" time="0.020" classname="TestSuites.PositiveTests"/>
  <system-out/>
</testsuite> <!-- TestSuites.PositiveTests -->
