<?xml version="1.0" encoding="UTF-8"?>
<!-- Generated by org.testng.reporters.JUnitReportReporter -->
<testsuite skipped="0" hostname="Divya_PC" name="TestSuites.NegativeTests" tests="3" failures="0" timestamp="2021-06-01T11:36:04 IST" time="2.257" errors="0">
  <testcase name="validateDeletingNonExistingCustomer" time="2.129" classname="TestSuites.NegativeTests"/>
  <system-out/>
  <testcase name="verifyUpdatingNonExistingCustomer" time="0.037" classname="TestSuites.NegativeTests"/>
  <system-out/>
  <testcase name="verifyCreatingExistingCustomer" time="0.091" classname="TestSuites.NegativeTests"/>
  <system-out/>
</testsuite> <!-- TestSuites.NegativeTests -->
